1                                                                                          cantilever
                                          SOL 103 NORMAL MODES
                                          cantilever SOL 103
                                          DATE: 2026-05-27 00:00:00

                           SUBCASE 1

                                          R E A L   E I G E N V A L U E S

   MODE NO.      EIGENVALUE            RADIANS             CYCLES             GENERALIZED MASS
         1   1.194563E+01   3.456246E+00   5.500786E-01   1.000000E+00
         2   7.948516E+02   2.819311E+01   4.487073E+00   1.000000E+00
         3   7.375470E+03   8.588056E+01   1.366832E+01   1.000000E+00
         4   3.094667E+04   1.759167E+02   2.799800E+01   1.000000E+00

                          E I G E N V E C T O R   NO. 1     FREQ = 5.500786E-01 Hz

      POINT ID.   TYPE          T1             T2             T3             R1             R2             R3
              1     G   0.000000E+00 0.000000E+00 0.000000E+00 0.000000E+00 0.000000E+00 0.000000E+00
              2     G   0.000000E+00 0.000000E+00 1.233016E-03 0.000000E+00 0.000000E+00 0.000000E+00
              3     G   0.000000E+00 0.000000E+00 4.737239E-03 0.000000E+00 0.000000E+00 0.000000E+00
              4     G   0.000000E+00 0.000000E+00 1.022109E-02 0.000000E+00 0.000000E+00 0.000000E+00
              5     G   0.000000E+00 0.000000E+00 1.739519E-02 0.000000E+00 0.000000E+00 0.000000E+00
              6     G   0.000000E+00 0.000000E+00 2.597475E-02 0.000000E+00 0.000000E+00 0.000000E+00
              7     G   0.000000E+00 0.000000E+00 3.568265E-02 0.000000E+00 0.000000E+00 0.000000E+00
              8     G   0.000000E+00 0.000000E+00 4.625317E-02 0.000000E+00 0.000000E+00 0.000000E+00
              9     G   0.000000E+00 0.000000E+00 5.743620E-02 0.000000E+00 0.000000E+00 0.000000E+00
             10     G   0.000000E+00 0.000000E+00 6.900183E-02 0.000000E+00 0.000000E+00 0.000000E+00
             11     G   0.000000E+00 0.000000E+00 8.074517E-02 0.000000E+00 0.000000E+00 0.000000E+00

                          E I G E N V E C T O R   NO. 2     FREQ = 4.487073E+00 Hz

      POINT ID.   TYPE          T1             T2             T3             R1             R2             R3
              1     G   0.000000E+00 0.000000E+00 0.000000E+00 0.000000E+00 0.000000E+00 0.000000E+00
              2     G   0.000000E+00 0.000000E+00 9.662719E-03 0.000000E+00 0.000000E+00 0.000000E+00
              3     G   0.000000E+00 0.000000E+00 3.246478E-02 0.000000E+00 0.000000E+00 0.000000E+00
              4     G   0.000000E+00 0.000000E+00 5.944672E-02 0.000000E+00 0.000000E+00 0.000000E+00
              5     G   0.000000E+00 0.000000E+00 8.261032E-02 0.000000E+00 0.000000E+00 0.000000E+00
              6     G   0.000000E+00 0.000000E+00 9.566206E-02 0.000000E+00 0.000000E+00 0.000000E+00
              7     G   0.000000E+00 0.000000E+00 9.465414E-02 0.000000E+00 0.000000E+00 0.000000E+00
              8     G   0.000000E+00 0.000000E+00 7.834375E-02 0.000000E+00 0.000000E+00 0.000000E+00
              9     G   0.000000E+00 0.000000E+00 4.815782E-02 0.000000E+00 0.000000E+00 0.000000E+00
             10     G   0.000000E+00 0.000000E+00 7.727153E-03 0.000000E+00 0.000000E+00 0.000000E+00
             11     G   0.000000E+00 0.000000E+00 -3.797101E-02 0.000000E+00 0.000000E+00 0.000000E+00

                          E I G E N V E C T O R   NO. 3     FREQ = 1.366832E+01 Hz

      POINT ID.   TYPE          T1             T2             T3             R1             R2             R3
              1     G   0.000000E+00 0.000000E+00 0.000000E+00 0.000000E+00 0.000000E+00 0.000000E+00
              2     G   0.000000E+00 0.000000E+00 2.627390E-02 0.000000E+00 0.000000E+00 0.000000E+00
              3     G   0.000000E+00 0.000000E+00 7.315969E-02 0.000000E+00 0.000000E+00 0.000000E+00
              4     G   0.000000E+00 0.000000E+00 1.001266E-01 0.000000E+00 0.000000E+00 0.000000E+00
              5     G   0.000000E+00 0.000000E+00 8.542173E-02 0.000000E+00 0.000000E+00 0.000000E+00
              6     G   0.000000E+00 0.000000E+00 3.234549E-02 0.000000E+00 0.000000E+00 0.000000E+00
              7     G   0.000000E+00 0.000000E+00 -3.455417E-02 0.000000E+00 0.000000E+00 0.000000E+00
              8     G   0.000000E+00 0.000000E+00 -8.265217E-02 0.000000E+00 0.000000E+00 0.000000E+00
              9     G   0.000000E+00 0.000000E+00 -8.777122E-02 0.000000E+00 0.000000E+00 0.000000E+00
             10     G   0.000000E+00 0.000000E+00 -4.603031E-02 0.000000E+00 0.000000E+00 0.000000E+00
             11     G   0.000000E+00 0.000000E+00 2.495299E-02 0.000000E+00 0.000000E+00 0.000000E+00

                          E I G E N V E C T O R   NO. 4     FREQ = 2.799800E+01 Hz

      POINT ID.   TYPE          T1             T2             T3             R1             R2             R3
              1     G   0.000000E+00 0.000000E+00 0.000000E+00 0.000000E+00 0.000000E+00 0.000000E+00
              2     G   0.000000E+00 0.000000E+00 4.680240E-02 0.000000E+00 0.000000E+00 0.000000E+00
              3     G   0.000000E+00 0.000000E+00 9.895591E-02 0.000000E+00 0.000000E+00 0.000000E+00
              4     G   0.000000E+00 0.000000E+00 7.309333E-02 0.000000E+00 0.000000E+00 0.000000E+00
              5     G   0.000000E+00 0.000000E+00 -1.733050E-02 0.000000E+00 0.000000E+00 0.000000E+00
              6     G   0.000000E+00 0.000000E+00 -8.864892E-02 0.000000E+00 0.000000E+00 0.000000E+00
              7     G   0.000000E+00 0.000000E+00 -7.312770E-02 0.000000E+00 0.000000E+00 0.000000E+00
              8     G   0.000000E+00 0.000000E+00 1.342041E-02 0.000000E+00 0.000000E+00 0.000000E+00
              9     G   0.000000E+00 0.000000E+00 8.614914E-02 0.000000E+00 0.000000E+00 0.000000E+00
             10     G   0.000000E+00 0.000000E+00 7.273360E-02 0.000000E+00 0.000000E+00 0.000000E+00
             11     G   0.000000E+00 0.000000E+00 -1.829010E-02 0.000000E+00 0.000000E+00 0.000000E+00

                                       * * * END OF JOB * * *

